<?xml version="1.0" encoding="UTF-8"?>
<!-- Generated by org.testng.reporters.JUnitXMLReporter -->
<testsuite hostname="lisahoo-WX-1" ignored="2" name="Default test" tests="1" failures="0" timestamp="11 Feb 2019 07:17:10 GMT" time="0.052" errors="0">
  <testcase name="Hello2Test" time="0.02" classname="com.JavaPracticeSessions.TestNGDemo"/>
  <testcase name="HelloTest" time="0.0" classname="com.JavaPracticeSessions.TestNGDemo">
    <ignored/>
  </testcase> <!-- HelloTest -->
  <testcase name="HelloTest3" time="0.0" classname="com.JavaPracticeSessions.TestNGDemo">
    <ignored/>
  </testcase> <!-- HelloTest3 -->
</testsuite> <!-- Default test -->
