<?xml version="1.0" encoding="UTF-8"?>
<testng-results skipped="0" failed="0" ignored="2" total="3" passed="1">
  <reporter-output>
  </reporter-output>
  <suite name="Default suite" duration-ms="52" started-at="2019-02-11T07:17:10Z" finished-at="2019-02-11T07:17:10Z">
    <groups>
    </groups>
    <test name="Default test" duration-ms="52" started-at="2019-02-11T07:17:10Z" finished-at="2019-02-11T07:17:10Z">
      <class name="com.JavaPracticeSessions.TestNGDemo">
        <test-method status="PASS" signature="Hello2Test()[pri:0, instance:com.JavaPracticeSessions.TestNGDemo@100fc185]" name="Hello2Test" duration-ms="20" started-at="2019-02-11T07:17:10Z" finished-at="2019-02-11T07:17:10Z">
          <reporter-output>
          </reporter-output>
        </test-method> <!-- Hello2Test -->
      </class> <!-- com.JavaPracticeSessions.TestNGDemo -->
    </test> <!-- Default test -->
  </suite> <!-- Default suite -->
</testng-results>
